********************************************************************************
product = Open Liberty 22.0.0.2 (wlp-1.0.61.cl220220220201-1901)
wlp.install.dir = C:/Users/MOI/PayFamilyDependentsFees/target/liberty/wlp/
java.home = C:\Program Files\Java\jdk1.8.0_202\jre
java.version = 1.8.0_202
java.runtime = Java(TM) SE Runtime Environment (1.8.0_202-b08)
os = Windows 10 (10.0; amd64) (en_US)
process = 9380@MOI-7HEMBMLA4UR
********************************************************************************
[2/17/22 7:54:01:527 AST] 00000001 com.ibm.ws.kernel.launch.internal.FrameworkManager           A CWWKE0001I: The server defaultServer has been launched.
[2/17/22 7:54:02:714 AST] 00000018 com.ibm.ws.config.xml.internal.ServerXMLConfiguration        A CWWKG0093A: Processing configuration drop-ins resource: C:\Users\MOI\PayFamilyDependentsFees\target\liberty\wlp\usr\servers\defaultServer\configDropins\overrides\liberty-plugin-variable-config.xml
[2/17/22 7:54:02:933 AST] 00000001 com.ibm.ws.kernel.launch.internal.FrameworkManager           I CWWKE0002I: The kernel started after 1.844 seconds
[2/17/22 7:54:02:995 AST] 00000022 com.ibm.ws.kernel.feature.internal.FeatureManager            I CWWKF0007I: Feature update started.
[2/17/22 7:54:04:173 AST] 00000017 .apache.cxf.cxf.core.3.2:1.0.61.cl220220220201-1901(id=175)] I Aries Blueprint packages not available. So namespaces will not be registered
[2/17/22 7:54:04:548 AST] 00000014 com.ibm.ws.security.ready.internal.SecurityReadyServiceImpl  I CWWKS0007I: The security service is starting...
[2/17/22 7:54:04:939 AST] 00000017 com.ibm.ws.app.manager.internal.monitor.DropinMonitor        A CWWKZ0058I: Monitoring dropins for applications.
[2/17/22 7:54:05:392 AST] 00000017 com.ibm.ws.cache.ServerCache                                 I DYNA1001I: WebSphere Dynamic Cache instance named baseCache initialized successfully.
[2/17/22 7:54:05:392 AST] 00000017 com.ibm.ws.cache.ServerCache                                 I DYNA1071I: The cache provider default is being used.
[2/17/22 7:54:05:392 AST] 00000017 com.ibm.ws.cache.CacheServiceImpl                            I DYNA1056I: Dynamic Cache (object cache) initialized successfully.
[2/17/22 7:54:07:173 AST] 0000001e com.ibm.ws.ssl.config.WSKeyStore                             A CWPKI0820A: The default keystore has been created using the 'keystore_password' environment variable.
[2/17/22 7:54:07:173 AST] 00000014 ibm.ws.security.authentication.internal.jaas.JAASServiceImpl I CWWKS1123I: The collective authentication plugin with class name NullCollectiveAuthenticationPlugin has been activated. 
[2/17/22 7:54:07:345 AST] 0000002a com.ibm.ws.security.token.ltpa.internal.LTPAKeyCreateTask    I CWWKS4105I: LTPA configuration is ready after 0.289 seconds.
[2/17/22 7:54:07:439 AST] 0000001e com.ibm.ws.ssl.config.WSKeyStore                             I Successfully loaded default keystore: C:/Users/MOI/PayFamilyDependentsFees/target/liberty/wlp/usr/servers/defaultServer/resources/security/key.p12 of type: PKCS12
[2/17/22 7:54:09:928 AST] 00000014 com.ibm.ws.session.WASSessionCore                            I SESN8501I: The session manager did not find a persistent storage location; HttpSession objects will be stored in the local application server's memory.
[2/17/22 7:54:10:178 AST] 00000014 .microprofile.metrics.internal.monitor.MonitorMetricsHandler I CWPMI2003I: Monitoring metrics can be retrieved through mpMetrics.
[2/17/22 7:54:10:756 AST] 0000002b com.ibm.ws.app.manager.AppMessageHelper                      I CWWKZ0018I: Starting application PayFamilyDependentsFees.
[2/17/22 7:54:10:756 AST] 0000002b bm.ws.app.manager.war.internal.WARDeployedAppInfoFactoryImpl I CWWKZ0134I: The PayFamilyDependentsFees application is using the loose application definition at the C:\Users\MOI\PayFamilyDependentsFees\target\liberty\wlp\usr\servers\defaultServer\apps\PayFamilyDependentsFees.war.xml location.
[2/17/22 7:54:11:537 AST] 0000002a com.ibm.ws.webcontainer.osgi.webapp.WebGroup                 I SRVE0169I: Loading Web Module: PublicMicroProfileMetrics.
[2/17/22 7:54:11:553 AST] 00000029 com.ibm.ws.webcontainer.osgi.webapp.WebGroup                 I SRVE0169I: Loading Web Module: ibm/api.
[2/17/22 7:54:11:553 AST] 0000002a com.ibm.ws.webcontainer                                      I SRVE0250I: Web Module PublicMicroProfileMetrics has been bound to default_host.
[2/17/22 7:54:11:553 AST] 00000029 com.ibm.ws.webcontainer                                      I SRVE0250I: Web Module ibm/api has been bound to default_host.
[2/17/22 7:54:11:553 AST] 0000002a com.ibm.ws.http.internal.VirtualHostImpl                     A CWWKT0016I: Web application available (default_host): http://moi-7hembmla4ur:9080/metrics/
[2/17/22 7:54:11:569 AST] 00000029 com.ibm.ws.http.internal.VirtualHostImpl                     A CWWKT0016I: Web application available (default_host): http://moi-7hembmla4ur:9080/ibm/api/
[2/17/22 7:54:11:772 AST] 00000027 com.ibm.ws.session.WASSessionCore                            I SESN0176I: A new session context will be created for application key default_host/metrics
[2/17/22 7:54:11:772 AST] 00000028 com.ibm.ws.session.WASSessionCore                            I SESN0176I: A new session context will be created for application key default_host/ibm/api
[2/17/22 7:54:11:881 AST] 00000027 com.ibm.ws.util                                              I SESN0172I: The session manager is using the Java default SecureRandom implementation for session ID generation.
[2/17/22 7:54:11:881 AST] 0000002b org.jboss.weld.Version                                       I WELD-000900: 3.1.8 (Final)
[2/17/22 7:54:11:897 AST] 00000028 com.ibm.ws.util                                              I SESN0172I: The session manager is using the Java default SecureRandom implementation for session ID generation.
[2/17/22 7:54:11:975 AST] 00000028 com.ibm.ws.cache.CacheServiceImpl                            I DYNA1056I: Dynamic Cache (object cache) initialized successfully.
[2/17/22 7:54:12:209 AST] 00000027 com.ibm.ws.webcontainer.servlet                              I SRVE0242I: [io.openliberty.microprofile.metrics.internal.public] [/metrics] [PublicMetricsRESTProxyServlet]: Initialization successful.
[2/17/22 7:54:12:365 AST] 0000002b com.ibm.ws.webcontainer.osgi.webapp.WebGroup                 I SRVE0169I: Loading Web Module: PayFamilyDependentsFees.
[2/17/22 7:54:12:365 AST] 0000002b com.ibm.ws.webcontainer                                      I SRVE0250I: Web Module PayFamilyDependentsFees has been bound to default_host.
[2/17/22 7:54:12:365 AST] 0000002b com.ibm.ws.http.internal.VirtualHostImpl                     A CWWKT0016I: Web application available (default_host): http://moi-7hembmla4ur:9080/SahlServices/PayFamilyDependentsFees/
[2/17/22 7:54:12:475 AST] 0000002c com.ibm.ws.webcontainer.osgi.mbeans.PluginGenerator          I SRVE9103I: A configuration file for a web server plugin was automatically generated for this server at C:\Users\MOI\PayFamilyDependentsFees\target\liberty\wlp\usr\servers\defaultServer\logs\state\plugin-cfg.xml.
[2/17/22 7:54:12:475 AST] 00000026 com.ibm.ws.session.WASSessionCore                            I SESN0176I: A new session context will be created for application key default_host/SahlServices/PayFamilyDependentsFees
[2/17/22 7:54:12:475 AST] 00000026 com.ibm.ws.util                                              I SESN0172I: The session manager is using the Java default SecureRandom implementation for session ID generation.
[2/17/22 7:54:12:490 AST] 00000026 com.ibm.ws.app.manager.AppMessageHelper                      A CWWKZ0001I: Application PayFamilyDependentsFees started in 1.727 seconds.
[2/17/22 7:54:12:568 AST] 00000022 com.ibm.ws.tcpchannel.internal.TCPPort                       I CWWKO0219I: TCP Channel defaultHttpEndpoint has been started and is now listening for requests on host *  (IPv6) port 9080.
[2/17/22 7:54:12:568 AST] 00000022 com.ibm.ws.tcpchannel.internal.TCPPort                       I CWWKO0219I: TCP Channel defaultHttpEndpoint-ssl has been started and is now listening for requests on host *  (IPv6) port 9443.
[2/17/22 7:54:12:600 AST] 0000002a com.ibm.ws.webcontainer.osgi.mbeans.PluginGenerator          I SRVE9103I: A configuration file for a web server plugin was automatically generated for this server at C:\Users\MOI\PayFamilyDependentsFees\target\liberty\wlp\usr\servers\defaultServer\logs\state\plugin-cfg.xml.
[2/17/22 7:54:12:600 AST] 00000022 com.ibm.ws.kernel.feature.internal.FeatureManager            A CWWKF0012I: The server installed the following features: [cdi-2.0, distributedMap-1.0, jaxrs-2.1, jaxrsClient-2.1, jndi-1.0, json-1.0, jsonp-1.1, monitor-1.0, mpConfig-2.0, mpMetrics-3.0, servlet-4.0, ssl-1.0].
[2/17/22 7:54:12:600 AST] 00000022 com.ibm.ws.kernel.feature.internal.FeatureManager            I CWWKF0008I: Feature update completed in 9.673 seconds.
[2/17/22 7:54:12:600 AST] 00000022 com.ibm.ws.kernel.feature.internal.FeatureManager            A CWWKF0011I: The defaultServer server is ready to run a smarter planet. The defaultServer server started in 11.519 seconds.
[2/17/22 7:54:29:178 AST] 0000002d com.ibm.ws.webcontainer.servlet                              I SRVE0242I: [PayFamilyDependentsFees] [/SahlServices/PayFamilyDependentsFees] [com.moi.sahlservices.resources.PayFamilyDependentsFees]: Initialization successful.
[2/17/22 7:54:29:179 AST] 0000002d SystemOut                                                    O start
[2/17/22 7:54:29:292 AST] 0000002d SystemOut                                                    O -----------------------------20-----------------------
[2/17/22 7:54:29:293 AST] 0000002d SystemOut                                                    O Request SOAP Message:
[2/17/22 7:54:29:293 AST] 0000002d SystemOut                                                    O <SOAP-ENV:Envelope xmlns:SOAP-ENV="http://schemas.xmlsoap.org/soap/envelope/" xmlns:res="http://tempuri.org/ResidencyFeesFamilyVisasShl/"><SOAP-ENV:Header/><SOAP-ENV:Body><res:ResidencyFeesFamilyVisasShlcall><ResidencyFeesFamilyVisasShlImport><InputParameters><CivilId>285063000886</CivilId></InputParameters></ResidencyFeesFamilyVisasShlImport></res:ResidencyFeesFamilyVisasShlcall></SOAP-ENV:Body></SOAP-ENV:Envelope>
[2/17/22 7:54:29:293 AST] 0000002d SystemOut                                                    O 

[2/17/22 7:54:36:590 AST] 00000035 SystemOut                                                    O before calling callSoapWebService
[2/17/22 7:54:36:592 AST] 00000035 SystemOut                                                    O -----------------------------20-----------------------
[2/17/22 7:54:36:593 AST] 00000035 SystemOut                                                    O Request SOAP Message:
[2/17/22 7:54:36:593 AST] 00000035 SystemOut                                                    O <SOAP-ENV:Envelope xmlns:SOAP-ENV="http://schemas.xmlsoap.org/soap/envelope/" xmlns:res="http://tempuri.org/ResidencyFeesDisplayShl/"><SOAP-ENV:Header/><SOAP-ENV:Body><res:ResidencyFeesDisplayShlcall><ResidencyFeesDisplayShlImport><InputParameters><CivilId>285063000886</CivilId></InputParameters><Array><row><InputItemModels><Key>ResidentCivilID</Key><Value>205052700032</Value><Type>Dropdown</Type></InputItemModels></row><row><InputItemModels><Key>FeesPeriod</Key><Value>3</Value><Type>Dropdown</Type></InputItemModels></row><row><InputItemModels><Key>FeesType</Key><Value>1</Value><Type>Hidden</Type></InputItemModels></row></Array></ResidencyFeesDisplayShlImport></res:ResidencyFeesDisplayShlcall></SOAP-ENV:Body></SOAP-ENV:Envelope>
[2/17/22 7:54:36:593 AST] 00000035 SystemOut                                                    O 

[2/17/22 7:54:37:278 AST] 00000035 SystemOut                                                    O after calling callSoapWebService
[2/17/22 7:54:37:278 AST] 00000035 SystemOut                                                    O  Response SOAP Message:
[2/17/22 7:54:37:279 AST] 00000035 SystemOut                                                    O <soap:Envelope xmlns:soap="http://schemas.xmlsoap.org/soap/envelope/"><soap:Body><ns2:ResidencyFeesDisplayShlcallResponse xmlns:ns2="http://tempuri.org/ResidencyFeesDisplayShl/"><ResidencyFeesDisplayShlExport command="" exitState="31461653" exitStateType="3" exitStateMsg=" "><OutputParameters><IsSuccess>true</IsSuccess><Message></Message><MessageEn></MessageEn></OutputParameters><Result><NameAr>دفع رسوم الاقامة للالتحاق بعائل</NameAr><NameEn>Paying Fees for Dependents</NameEn><ButtonLabelAr>متابعة</ButtonLabelAr><ButtonLabelEn>Next</ButtonLabelEn><StepNo>2</StepNo></Result><Arrays><row><ControlsModels><Id>ResidencyPayFee</Id><Type>PaymentView</Type><LabelAr></LabelAr><LabelEn></LabelEn><IsRequired>false</IsRequired><DefaultValue> </DefaultValue><IsDisabled>true </IsDisabled></ControlsModels></row><row><ControlsModels><Id>ResidentNatNumber</Id><Type>Hidden</Type><LabelAr></LabelAr><LabelEn></LabelEn><IsRequired>false</IsRequired><DefaultValue>119313422</DefaultValue><IsDisabled>     </IsDisabled></ControlsModels></row></Arrays><ResidencyFeesDetails><SponsorCivilId>285063000886</SponsorCivilId><ResidentCivilId>205052700032</ResidentCivilId><FeesType>1</FeesType><Period>3</Period><Amount>10</Amount></ResidencyFeesDetails><Response><ReturnCode>1</ReturnCode><ReturnMessage>The Residency fees application is accepted\nPlease pay the prescribed fees</ReturnMessage></Response></ResidencyFeesDisplayShlExport></ns2:ResidencyFeesDisplayShlcallResponse></soap:Body></soap:Envelope>
[2/17/22 7:54:37:309 AST] 00000035 SystemOut                                                    O -----------------------------20-----------------------
[2/17/22 7:54:37:309 AST] 00000035 SystemOut                                                    O Request SOAP Message:
[2/17/22 7:54:37:309 AST] 00000035 SystemOut                                                    O <SOAP-ENV:Envelope xmlns:SOAP-ENV="http://schemas.xmlsoap.org/soap/envelope/" xmlns:def="http://www.moi.gov.kw/Services/PayGateService/V1/Definitions" xmlns:moih="http://www.moi.gov.kw/Common/V1/MoiHeader"><SOAP-ENV:Header><wsse:Security xmlns:soapenv="http://docs.oasis-open.org/wss/2004/01/oasis-200401-wss-wssecurity-secext-1.0.xsd" xmlns:wsse="http://docs.oasis-open.org/wss/2004/01/oasis-200401-wss-wssecurity-secext-1.0.xsd" xmlns:wsu="http://docs.oasis-open.org/wss/2004/01/oasis-200401-wss-wssecurity-utility-1.0.xsd" soapenv:mustUnderstand="0"><wsse:UsernameToken wsu:Id="UsernameToken-6E7F82F20833FD165316396362254181"><wsse:Username>MOISAHELTESTWSUser</wsse:Username><wsse:Password Type="http://docs.oasis-open.org/wss/2004/01/oasis-200401-wss-username-token-profile-1.0#PasswordDigest">ey+hn0nb9mpEbhhZ7M0qZk7u3zY=</wsse:Password><wsse:Nonce EncodingType="http://docs.oasis-open.org/wss/2004/01/oasis-200401-wss-soap-message-security-1.0#Base64Binary">cMlDW0fnanjXbcLKNiJc0Q==</wsse:Nonce><wsu:Created>2021-12-16T06:30:25.414Z</wsu:Created></wsse:UsernameToken></wsse:Security><moih:MoiHeader><Entity>MOI</Entity><Department>IT</Department><Application>SHLPAYVIEW</Application><Requestor>285063000886</Requestor></moih:MoiHeader></SOAP-ENV:Header><SOAP-ENV:Body><def:InitiatePaymentRequest><civilId>285063000886</civilId><totalPayAmt>10</totalPayAmt><contactInfo><emailId/><mobile>00000000</mobile></contactInfo><language>AR</language><currency>KWD</currency><channelID>4</channelID><paymentMethod>1</paymentMethod><serviceType>14</serviceType><paymentList><number>205052700032</number><year>2022</year><amount>10</amount><descriptionEn>Pay Family Dependents Fees</descriptionEn><descriptionAr>دفع رسوم الإقامة للالتحاق بعائل</descriptionAr><field1>3</field1><field2>1</field2></paymentList></def:InitiatePaymentRequest></SOAP-ENV:Body></SOAP-ENV:Envelope>
[2/17/22 7:54:37:310 AST] 00000035 SystemOut                                                    O 

[2/17/22 7:54:37:953 AST] 00000035 SystemOut                                                    O after calling callSoapWebService
[2/17/22 7:54:37:954 AST] 00000035 SystemOut                                                    O Response SOAP Message:
[2/17/22 7:54:37:955 AST] 00000035 SystemOut                                                    O <?xml version="1.0" encoding="UTF-8"?>
<soapenv:Envelope xmlns:xsi="http://www.w3.org/2001/XMLSchema-instance" xmlns:xsd="http://www.w3.org/2001/XMLSchema" xmlns:soapenv="http://schemas.xmlsoap.org/soap/envelope/"><soapenv:Header><ns1:MoiHeader xmlns:ns1="http://www.moi.gov.kw/Common/V1/MoiHeader"><Entity>MOI</Entity><Department>IT</Department><Application>SHLPAYVIEW</Application><Requestor>285063000886</Requestor></ns1:MoiHeader></soapenv:Header><soapenv:Body><InitiatePaymentResponse xmlns="http://www.moi.gov.kw/Services/PayGateService/V1/Definitions"><statusCode xmlns="">I</statusCode><statusMessage xmlns="">Payment Initialized Successfully</statusMessage><civilId xmlns="">285063000886</civilId><baseUrl xmlns="">https://kpaytest.com.kw/kpg/paymentpage.htm?</baseUrl><token xmlns="">NOT APPLIED</token><params xmlns=""><paramName>PaymentID</paramName><paramValue>100202204836837602</paramValue></params><httpMethod xmlns="">GET</httpMethod></InitiatePaymentResponse></soapenv:Body></soapenv:Envelope>
[2/17/22 7:54:57:622 AST] 0000002c SystemOut                                                    O -----------------------------20-----------------------
[2/17/22 7:54:57:622 AST] 0000002c SystemOut                                                    O Request SOAP Message:
[2/17/22 7:54:57:622 AST] 0000002c SystemOut                                                    O <SOAP-ENV:Envelope xmlns:SOAP-ENV="http://schemas.xmlsoap.org/soap/envelope/" xmlns:urn="urn:example"><SOAP-ENV:Header><wsse:Security xmlns:soapenv="http://docs.oasis-open.org/wss/2004/01/oasis-200401-wss-wssecurity-secext-1.0.xsd" xmlns:wsse="http://docs.oasis-open.org/wss/2004/01/oasis-200401-wss-wssecurity-secext-1.0.xsd" xmlns:wsu="http://docs.oasis-open.org/wss/2004/01/oasis-200401-wss-wssecurity-utility-1.0.xsd" soapenv:mustUnderstand="0"><wsse:UsernameToken wsu:Id="UsernameToken-46BBB499B7F114933D16407740520662"><wsse:Username>MOIPACITESTWSUser</wsse:Username><wsse:Password Type="http://docs.oasis-open.org/wss/2004/01/oasis-200401-wss-username-token-profile-1.0#PasswordDigest">ZYyAwMo0KAWs1xX788RwIQQXKtw=</wsse:Password><wsse:Nonce EncodingType="http://docs.oasis-open.org/wss/2004/01/oasis-200401-wss-soap-message-security-1.0#Base64Binary">i8W+N7VU/wEB8eKPluCd5g==</wsse:Nonce><wsu:Created>2021-12-29T10:34:12.066Z</wsu:Created></wsse:UsernameToken></wsse:Security></SOAP-ENV:Header><SOAP-ENV:Body><urn:SahelPayView><CIVIL_ID>285063000886</CIVIL_ID></urn:SahelPayView></SOAP-ENV:Body></SOAP-ENV:Envelope>
[2/17/22 7:54:57:622 AST] 0000002c SystemOut                                                    O 

[2/17/22 8:12:39:335 AST] 00000011 com.ibm.ws.kernel.launch.internal.ServerCommandListener      A CWWKE0055I: Server shutdown requested on Thursday, February 17, 2022 at 8:12 AM. The server defaultServer is shutting down.
[2/17/22 8:12:39:351 AST] 00000193 com.ibm.ws.runtime.update.internal.RuntimeUpdateManagerImpl  A CWWKE1100I: Waiting for up to 30 seconds for the server to quiesce.
[2/17/22 8:12:39:351 AST] 00000180 com.ibm.ws.tcpchannel.internal.TCPChannel                    I CWWKO0220I: TCP Channel defaultHttpEndpoint-ssl has stopped listening for requests on host *  (IPv6) port 9443.
[2/17/22 8:12:39:351 AST] 00000180 com.ibm.ws.tcpchannel.internal.TCPChannel                    I CWWKO0220I: TCP Channel defaultHttpEndpoint has stopped listening for requests on host *  (IPv6) port 9080.
[2/17/22 8:12:39:351 AST] 00000180 com.ibm.ws.http.internal.VirtualHostImpl                     A CWWKT0017I: Web application removed (default_host): http://moi-7hembmla4ur:9080/metrics/
[2/17/22 8:12:39:351 AST] 00000180 com.ibm.ws.http.internal.VirtualHostImpl                     A CWWKT0017I: Web application removed (default_host): http://moi-7hembmla4ur:9080/SahlServices/PayFamilyDependentsFees/
[2/17/22 8:12:39:351 AST] 00000180 com.ibm.ws.http.internal.VirtualHostImpl                     A CWWKT0017I: Web application removed (default_host): http://moi-7hembmla4ur:9080/ibm/api/
[2/17/22 8:12:40:356 AST] 00000193 com.ibm.ws.runtime.update.internal.RuntimeUpdateManagerImpl  I CWWKE1101I: Server quiesce complete.
[2/17/22 8:12:40:418 AST] 0000018a com.ibm.ws.webcontainer.servlet                              I SRVE0253I: [PayFamilyDependentsFees] [/SahlServices/PayFamilyDependentsFees] [com.moi.sahlservices.resources.PayFamilyDependentsFees]: Destroy successful.
[2/17/22 8:12:40:449 AST] 0000018a com.ibm.ws.app.manager.AppMessageHelper                      A CWWKZ0009I: The application PayFamilyDependentsFees has stopped successfully.
[2/17/22 8:12:40:496 AST] 00000193 com.ibm.ws.webcontainer.servlet                              I SRVE0253I: [io.openliberty.microprofile.metrics.internal.public] [/metrics] [PublicMetricsRESTProxyServlet]: Destroy successful.
[2/17/22 8:12:40:543 AST] 00000193 .microprofile.metrics.internal.monitor.MonitorMetricsHandler I CWPMI2004I: All monitoring metrics were unregistered from mpMetrics.
[2/17/22 8:12:40:574 AST] 00000193 com.ibm.ws.security.ready.internal.SecurityReadyServiceImpl  I CWWKS0009I: The security service has stopped.
[2/17/22 8:12:40:574 AST] 00000193 ibm.ws.security.authentication.internal.jaas.JAASServiceImpl I CWWKS1124I: The collective authentication plugin with class name NullCollectiveAuthenticationPlugin has been deactivated. 
[2/17/22 8:12:40:918 AST] 00000001 com.ibm.ws.kernel.launch.internal.FrameworkManager           A CWWKE0036I: The server defaultServer stopped after 18 minutes, 39.841 seconds.
