********************************************************************************
product = Open Liberty 22.0.0.2 (wlp-1.0.61.cl220220220201-1901)
wlp.install.dir = C:/Users/MOI/PayFamilyDependentsFees/target/liberty/wlp/
java.home = C:\Program Files\Java\jdk1.8.0_202\jre
java.version = 1.8.0_202
java.runtime = Java(TM) SE Runtime Environment (1.8.0_202-b08)
os = Windows 10 (10.0; amd64) (en_US)
process = 6724@MOI-7HEMBMLA4UR
********************************************************************************
[2/16/22 13:13:58:833 AST] 00000001 com.ibm.ws.kernel.launch.internal.FrameworkManager           A CWWKE0001I: The server defaultServer has been launched.
[2/16/22 13:13:59:280 AST] 00000017 com.ibm.ws.config.xml.internal.ServerXMLConfiguration        A CWWKG0093A: Processing configuration drop-ins resource: C:\Users\MOI\PayFamilyDependentsFees\target\liberty\wlp\usr\servers\defaultServer\configDropins\overrides\liberty-plugin-variable-config.xml
[2/16/22 13:13:59:396 AST] 00000001 com.ibm.ws.kernel.launch.internal.FrameworkManager           I CWWKE0002I: The kernel started after 0.754 seconds
[2/16/22 13:13:59:419 AST] 00000023 com.ibm.ws.kernel.feature.internal.FeatureManager            I CWWKF0007I: Feature update started.
[2/16/22 13:13:59:590 AST] 00000019 .apache.cxf.cxf.core.3.2:1.0.61.cl220220220201-1901(id=175)] I Aries Blueprint packages not available. So namespaces will not be registered
[2/16/22 13:13:59:630 AST] 00000016 com.ibm.ws.security.ready.internal.SecurityReadyServiceImpl  I CWWKS0007I: The security service is starting...
[2/16/22 13:13:59:757 AST] 00000019 com.ibm.ws.app.manager.internal.monitor.DropinMonitor        A CWWKZ0058I: Monitoring dropins for applications.
[2/16/22 13:13:59:806 AST] 00000017 com.ibm.ws.cache.ServerCache                                 I DYNA1001I: WebSphere Dynamic Cache instance named baseCache initialized successfully.
[2/16/22 13:13:59:808 AST] 00000017 com.ibm.ws.cache.ServerCache                                 I DYNA1071I: The cache provider default is being used.
[2/16/22 13:13:59:809 AST] 00000017 com.ibm.ws.cache.CacheServiceImpl                            I DYNA1056I: Dynamic Cache (object cache) initialized successfully.
[2/16/22 13:14:00:234 AST] 0000001f com.ibm.ws.ssl.config.WSKeyStore                             A CWPKI0820A: The default keystore has been created using the 'keystore_password' environment variable.
[2/16/22 13:14:00:274 AST] 00000016 ibm.ws.security.authentication.internal.jaas.JAASServiceImpl I CWWKS1123I: The collective authentication plugin with class name NullCollectiveAuthenticationPlugin has been activated. 
[2/16/22 13:14:00:439 AST] 0000002c com.ibm.ws.security.token.ltpa.internal.LTPAKeyCreateTask    I CWWKS4105I: LTPA configuration is ready after 0.192 seconds.
[2/16/22 13:14:00:610 AST] 0000001f com.ibm.ws.ssl.config.WSKeyStore                             I Successfully loaded default keystore: C:/Users/MOI/PayFamilyDependentsFees/target/liberty/wlp/usr/servers/defaultServer/resources/security/key.p12 of type: PKCS12
[2/16/22 13:14:00:886 AST] 00000016 com.ibm.ws.session.WASSessionCore                            I SESN8501I: The session manager did not find a persistent storage location; HttpSession objects will be stored in the local application server's memory.
[2/16/22 13:14:01:025 AST] 00000016 .microprofile.metrics.internal.monitor.MonitorMetricsHandler I CWPMI2003I: Monitoring metrics can be retrieved through mpMetrics.
[2/16/22 13:14:01:387 AST] 00000027 com.ibm.ws.app.manager.AppMessageHelper                      I CWWKZ0018I: Starting application PayFamilyDependentsFees.
[2/16/22 13:14:01:389 AST] 00000027 bm.ws.app.manager.war.internal.WARDeployedAppInfoFactoryImpl I CWWKZ0134I: The PayFamilyDependentsFees application is using the loose application definition at the C:\Users\MOI\PayFamilyDependentsFees\target\liberty\wlp\usr\servers\defaultServer\apps\PayFamilyDependentsFees.war.xml location.
[2/16/22 13:14:01:605 AST] 00000024 com.ibm.ws.webcontainer.osgi.webapp.WebGroup                 I SRVE0169I: Loading Web Module: PublicMicroProfileMetrics.
[2/16/22 13:14:01:606 AST] 0000003a com.ibm.ws.webcontainer.osgi.webapp.WebGroup                 I SRVE0169I: Loading Web Module: ibm/api.
[2/16/22 13:14:01:608 AST] 00000024 com.ibm.ws.webcontainer                                      I SRVE0250I: Web Module PublicMicroProfileMetrics has been bound to default_host.
[2/16/22 13:14:01:608 AST] 0000003a com.ibm.ws.webcontainer                                      I SRVE0250I: Web Module ibm/api has been bound to default_host.
[2/16/22 13:14:01:610 AST] 00000024 com.ibm.ws.http.internal.VirtualHostImpl                     A CWWKT0016I: Web application available (default_host): http://moi-7hembmla4ur:9080/metrics/
[2/16/22 13:14:01:612 AST] 0000003a com.ibm.ws.http.internal.VirtualHostImpl                     A CWWKT0016I: Web application available (default_host): http://moi-7hembmla4ur:9080/ibm/api/
[2/16/22 13:14:01:674 AST] 00000027 org.jboss.weld.Version                                       I WELD-000900: 3.1.8 (Final)
[2/16/22 13:14:01:675 AST] 0000002f com.ibm.ws.session.WASSessionCore                            I SESN0176I: A new session context will be created for application key default_host/metrics
[2/16/22 13:14:01:675 AST] 0000002e com.ibm.ws.session.WASSessionCore                            I SESN0176I: A new session context will be created for application key default_host/ibm/api
[2/16/22 13:14:01:732 AST] 0000002f com.ibm.ws.util                                              I SESN0172I: The session manager is using the Java default SecureRandom implementation for session ID generation.
[2/16/22 13:14:01:742 AST] 0000002e com.ibm.ws.util                                              I SESN0172I: The session manager is using the Java default SecureRandom implementation for session ID generation.
[2/16/22 13:14:01:857 AST] 0000002f com.ibm.ws.cache.CacheServiceImpl                            I DYNA1056I: Dynamic Cache (object cache) initialized successfully.
[2/16/22 13:14:02:176 AST] 0000002f com.ibm.ws.webcontainer.servlet                              I SRVE0242I: [io.openliberty.microprofile.metrics.internal.public] [/metrics] [PublicMetricsRESTProxyServlet]: Initialization successful.
[2/16/22 13:14:02:238 AST] 0000002c com.ibm.ws.webcontainer.osgi.mbeans.PluginGenerator          I SRVE9103I: A configuration file for a web server plugin was automatically generated for this server at C:\Users\MOI\PayFamilyDependentsFees\target\liberty\wlp\usr\servers\defaultServer\logs\state\plugin-cfg.xml.
[2/16/22 13:14:02:276 AST] 00000027 com.ibm.ws.webcontainer.osgi.webapp.WebGroup                 I SRVE0169I: Loading Web Module: PayFamilyDependentsFees.
[2/16/22 13:14:02:276 AST] 00000027 com.ibm.ws.webcontainer                                      I SRVE0250I: Web Module PayFamilyDependentsFees has been bound to default_host.
[2/16/22 13:14:02:276 AST] 00000027 com.ibm.ws.http.internal.VirtualHostImpl                     A CWWKT0016I: Web application available (default_host): http://moi-7hembmla4ur:9080/SahlServices/PayFamilyDependentsFees/
[2/16/22 13:14:02:327 AST] 0000002d com.ibm.ws.session.WASSessionCore                            I SESN0176I: A new session context will be created for application key default_host/SahlServices/PayFamilyDependentsFees
[2/16/22 13:14:02:328 AST] 0000002d com.ibm.ws.util                                              I SESN0172I: The session manager is using the Java default SecureRandom implementation for session ID generation.
[2/16/22 13:14:02:335 AST] 0000002d com.ibm.ws.app.manager.AppMessageHelper                      A CWWKZ0001I: Application PayFamilyDependentsFees started in 0.947 seconds.
[2/16/22 13:14:02:365 AST] 00000023 com.ibm.ws.tcpchannel.internal.TCPPort                       I CWWKO0219I: TCP Channel defaultHttpEndpoint has been started and is now listening for requests on host *  (IPv6) port 9080.
[2/16/22 13:14:02:368 AST] 00000023 com.ibm.ws.tcpchannel.internal.TCPPort                       I CWWKO0219I: TCP Channel defaultHttpEndpoint-ssl has been started and is now listening for requests on host *  (IPv6) port 9443.
[2/16/22 13:14:02:374 AST] 00000023 com.ibm.ws.kernel.feature.internal.FeatureManager            A CWWKF0012I: The server installed the following features: [cdi-2.0, distributedMap-1.0, jaxrs-2.1, jaxrsClient-2.1, jndi-1.0, json-1.0, jsonp-1.1, monitor-1.0, mpConfig-2.0, mpMetrics-3.0, servlet-4.0, ssl-1.0].
[2/16/22 13:14:02:375 AST] 00000023 com.ibm.ws.kernel.feature.internal.FeatureManager            I CWWKF0008I: Feature update completed in 2.979 seconds.
[2/16/22 13:14:02:375 AST] 00000023 com.ibm.ws.kernel.feature.internal.FeatureManager            A CWWKF0011I: The defaultServer server is ready to run a smarter planet. The defaultServer server started in 3.734 seconds.
[2/16/22 13:14:02:404 AST] 00000024 com.ibm.ws.webcontainer.osgi.mbeans.PluginGenerator          I SRVE9103I: A configuration file for a web server plugin was automatically generated for this server at C:\Users\MOI\PayFamilyDependentsFees\target\liberty\wlp\usr\servers\defaultServer\logs\state\plugin-cfg.xml.
[2/16/22 13:14:05:173 AST] 00000039 com.ibm.ws.http.internal.VirtualHostImpl                     A CWWKT0017I: Web application removed (default_host): http://moi-7hembmla4ur:9080/SahlServices/PayFamilyDependentsFees/
[2/16/22 13:14:05:186 AST] 00000039 com.ibm.ws.app.manager.AppMessageHelper                      A CWWKZ0009I: The application PayFamilyDependentsFees has stopped successfully.
[2/16/22 13:14:05:195 AST] 00000039 com.ibm.ws.app.manager.AppMessageHelper                      I CWWKZ0018I: Starting application PayFamilyDependentsFees.
[2/16/22 13:14:05:196 AST] 00000039 bm.ws.app.manager.war.internal.WARDeployedAppInfoFactoryImpl I CWWKZ0134I: The PayFamilyDependentsFees application is using the loose application definition at the C:\Users\MOI\PayFamilyDependentsFees\target\liberty\wlp\usr\servers\defaultServer\apps\PayFamilyDependentsFees.war.xml location.
[2/16/22 13:14:05:279 AST] 0000003a com.ibm.ws.webcontainer.osgi.mbeans.PluginGenerator          I SRVE9103I: A configuration file for a web server plugin was automatically generated for this server at C:\Users\MOI\PayFamilyDependentsFees\target\liberty\wlp\usr\servers\defaultServer\logs\state\plugin-cfg.xml.
[2/16/22 13:14:05:335 AST] 00000039 com.ibm.ws.webcontainer.osgi.webapp.WebGroup                 I SRVE0169I: Loading Web Module: PayFamilyDependentsFees.
[2/16/22 13:14:05:336 AST] 00000039 com.ibm.ws.webcontainer                                      I SRVE0250I: Web Module PayFamilyDependentsFees has been bound to default_host.
[2/16/22 13:14:05:336 AST] 00000039 com.ibm.ws.http.internal.VirtualHostImpl                     A CWWKT0016I: Web application available (default_host): http://moi-7hembmla4ur:9080/SahlServices/PayFamilyDependentsFees/
[2/16/22 13:14:05:343 AST] 00000032 com.ibm.ws.session.WASSessionCore                            I SESN0176I: A new session context will be created for application key default_host/SahlServices/PayFamilyDependentsFees
[2/16/22 13:14:05:343 AST] 00000032 com.ibm.ws.util                                              I SESN0172I: The session manager is using the Java default SecureRandom implementation for session ID generation.
[2/16/22 13:14:05:347 AST] 00000032 com.ibm.ws.app.manager.AppMessageHelper                      A CWWKZ0003I: The application PayFamilyDependentsFees updated in 0.151 seconds.
[2/16/22 13:14:05:424 AST] 0000002d com.ibm.ws.webcontainer.osgi.mbeans.PluginGenerator          I SRVE9103I: A configuration file for a web server plugin was automatically generated for this server at C:\Users\MOI\PayFamilyDependentsFees\target\liberty\wlp\usr\servers\defaultServer\logs\state\plugin-cfg.xml.
[2/16/22 13:14:16:762 AST] 00000039 com.ibm.ws.webcontainer.servlet                              I SRVE0242I: [PayFamilyDependentsFees] [/SahlServices/PayFamilyDependentsFees] [com.moi.sahlservices.resources.PayFamilyDependentsFees]: Initialization successful.
[2/16/22 13:14:16:763 AST] 00000039 SystemOut                                                    O start
[2/16/22 13:14:48:192 AST] 0000002e SystemOut                                                    O before calling callSoapWebService
[2/16/22 13:14:48:263 AST] 0000002e SystemOut                                                    O after calling callSoapWebService
[2/16/22 13:14:48:263 AST] 0000002e SystemOut                                                    O  Response SOAP Message:
[2/16/22 13:14:48:264 AST] 0000002e SystemOut                                                    O <soap:Envelope xmlns:soap="http://schemas.xmlsoap.org/soap/envelope/"><soap:Body><soap:Fault><faultcode>soap:Server</faultcode><faultstring>ERROR RE_REMOVE_LEADING_ZEROS@0000000001,0022020221,0 63 [  AE/0] Invoke Action Block  repilot.CAB00058.CAB00058( repilot.CAB00058_IA, repilot.CAB00058_OA)  failed: Exception on method: CAB00058 : java.lang.NoClassDefFoundError: com/ca/gen/abrt/functions/TIRFVRFY</faultstring><detail><ns1:Exception xmlns:ns1="http://tempuri.org/ResidencyFeesDisplayShl/"><message xmlns:ns2="http://tempuri.org/ResidencyFeesDisplayShl/">ERROR RE_REMOVE_LEADING_ZEROS@0000000001,0022020221,0 63 [  AE/0] Invoke Action Block  repilot.CAB00058.CAB00058( repilot.CAB00058_IA, repilot.CAB00058_OA)  failed: Exception on method: CAB00058 : java.lang.NoClassDefFoundError: com/ca/gen/abrt/functions/TIRFVRFY</message></ns1:Exception></detail></soap:Fault></soap:Body></soap:Envelope>
[2/16/22 13:16:44:840 AST] 0000004d com.ibm.ws.http.internal.VirtualHostImpl                     A CWWKT0017I: Web application removed (default_host): http://moi-7hembmla4ur:9080/SahlServices/PayFamilyDependentsFees/
[2/16/22 13:16:44:843 AST] 0000004d com.ibm.ws.webcontainer.servlet                              I SRVE0253I: [PayFamilyDependentsFees] [/SahlServices/PayFamilyDependentsFees] [com.moi.sahlservices.resources.PayFamilyDependentsFees]: Destroy successful.
[2/16/22 13:16:44:849 AST] 0000004d com.ibm.ws.app.manager.AppMessageHelper                      A CWWKZ0009I: The application PayFamilyDependentsFees has stopped successfully.
[2/16/22 13:16:44:856 AST] 0000004d com.ibm.ws.app.manager.AppMessageHelper                      I CWWKZ0018I: Starting application PayFamilyDependentsFees.
[2/16/22 13:16:44:856 AST] 0000004d bm.ws.app.manager.war.internal.WARDeployedAppInfoFactoryImpl I CWWKZ0134I: The PayFamilyDependentsFees application is using the loose application definition at the C:\Users\MOI\PayFamilyDependentsFees\target\liberty\wlp\usr\servers\defaultServer\apps\PayFamilyDependentsFees.war.xml location.
[2/16/22 13:16:44:938 AST] 00000040 com.ibm.ws.webcontainer.osgi.mbeans.PluginGenerator          I SRVE9103I: A configuration file for a web server plugin was automatically generated for this server at C:\Users\MOI\PayFamilyDependentsFees\target\liberty\wlp\usr\servers\defaultServer\logs\state\plugin-cfg.xml.
[2/16/22 13:16:45:039 AST] 0000004d com.ibm.ws.webcontainer.osgi.webapp.WebGroup                 I SRVE0169I: Loading Web Module: PayFamilyDependentsFees.
[2/16/22 13:16:45:039 AST] 0000004d com.ibm.ws.webcontainer                                      I SRVE0250I: Web Module PayFamilyDependentsFees has been bound to default_host.
[2/16/22 13:16:45:039 AST] 0000004d com.ibm.ws.http.internal.VirtualHostImpl                     A CWWKT0016I: Web application available (default_host): http://moi-7hembmla4ur:9080/SahlServices/PayFamilyDependentsFees/
[2/16/22 13:16:45:055 AST] 00000047 com.ibm.ws.session.WASSessionCore                            I SESN0176I: A new session context will be created for application key default_host/SahlServices/PayFamilyDependentsFees
[2/16/22 13:16:45:056 AST] 00000047 com.ibm.ws.util                                              I SESN0172I: The session manager is using the Java default SecureRandom implementation for session ID generation.
[2/16/22 13:16:45:061 AST] 00000047 com.ibm.ws.app.manager.AppMessageHelper                      A CWWKZ0003I: The application PayFamilyDependentsFees updated in 0.205 seconds.
[2/16/22 13:16:45:120 AST] 00000043 com.ibm.ws.webcontainer.osgi.mbeans.PluginGenerator          I SRVE9103I: A configuration file for a web server plugin was automatically generated for this server at C:\Users\MOI\PayFamilyDependentsFees\target\liberty\wlp\usr\servers\defaultServer\logs\state\plugin-cfg.xml.
[2/16/22 13:16:51:012 AST] 00000049 com.ibm.ws.http.internal.VirtualHostImpl                     A CWWKT0017I: Web application removed (default_host): http://moi-7hembmla4ur:9080/SahlServices/PayFamilyDependentsFees/
[2/16/22 13:16:51:020 AST] 00000049 com.ibm.ws.app.manager.AppMessageHelper                      A CWWKZ0009I: The application PayFamilyDependentsFees has stopped successfully.
[2/16/22 13:16:51:029 AST] 00000049 com.ibm.ws.app.manager.AppMessageHelper                      I CWWKZ0018I: Starting application PayFamilyDependentsFees.
[2/16/22 13:16:51:030 AST] 00000049 bm.ws.app.manager.war.internal.WARDeployedAppInfoFactoryImpl I CWWKZ0134I: The PayFamilyDependentsFees application is using the loose application definition at the C:\Users\MOI\PayFamilyDependentsFees\target\liberty\wlp\usr\servers\defaultServer\apps\PayFamilyDependentsFees.war.xml location.
[2/16/22 13:16:51:106 AST] 0000002d com.ibm.ws.webcontainer.osgi.mbeans.PluginGenerator          I SRVE9103I: A configuration file for a web server plugin was automatically generated for this server at C:\Users\MOI\PayFamilyDependentsFees\target\liberty\wlp\usr\servers\defaultServer\logs\state\plugin-cfg.xml.
[2/16/22 13:16:51:149 AST] 00000049 com.ibm.ws.webcontainer.osgi.webapp.WebGroup                 I SRVE0169I: Loading Web Module: PayFamilyDependentsFees.
[2/16/22 13:16:51:149 AST] 00000049 com.ibm.ws.webcontainer                                      I SRVE0250I: Web Module PayFamilyDependentsFees has been bound to default_host.
[2/16/22 13:16:51:149 AST] 00000049 com.ibm.ws.http.internal.VirtualHostImpl                     A CWWKT0016I: Web application available (default_host): http://moi-7hembmla4ur:9080/SahlServices/PayFamilyDependentsFees/
[2/16/22 13:16:51:154 AST] 0000004d com.ibm.ws.session.WASSessionCore                            I SESN0176I: A new session context will be created for application key default_host/SahlServices/PayFamilyDependentsFees
[2/16/22 13:16:51:154 AST] 0000004d com.ibm.ws.util                                              I SESN0172I: The session manager is using the Java default SecureRandom implementation for session ID generation.
[2/16/22 13:16:51:157 AST] 0000004d com.ibm.ws.app.manager.AppMessageHelper                      A CWWKZ0003I: The application PayFamilyDependentsFees updated in 0.127 seconds.
[2/16/22 13:16:51:221 AST] 00000047 com.ibm.ws.webcontainer.osgi.mbeans.PluginGenerator          I SRVE9103I: A configuration file for a web server plugin was automatically generated for this server at C:\Users\MOI\PayFamilyDependentsFees\target\liberty\wlp\usr\servers\defaultServer\logs\state\plugin-cfg.xml.
[2/16/22 13:17:04:338 AST] 0000002d com.ibm.ws.webcontainer.servlet                              I SRVE0242I: [PayFamilyDependentsFees] [/SahlServices/PayFamilyDependentsFees] [com.moi.sahlservices.resources.PayFamilyDependentsFees]: Initialization successful.
[2/16/22 13:17:04:419 AST] 0000002d SystemOut                                                    O before calling callSoapWebService
[2/16/22 13:17:04:421 AST] 0000002d SystemOut                                                    O -----------------------------20-----------------------
[2/16/22 13:17:04:421 AST] 0000002d SystemOut                                                    O Request SOAP Message:
[2/16/22 13:17:04:421 AST] 0000002d SystemOut                                                    O <SOAP-ENV:Envelope xmlns:SOAP-ENV="http://schemas.xmlsoap.org/soap/envelope/" xmlns:res="http://tempuri.org/ResidencyFeesDisplayShl/"><SOAP-ENV:Header/><SOAP-ENV:Body><res:ResidencyFeesDisplayShlcall><ResidencyFeesDisplayShlImport><InputParameters><CivilId>285063000886</CivilId></InputParameters><Array><row><InputItemModels><Key>ResidentCivilID</Key><Value>205052700032</Value><Type>Dropdown</Type></InputItemModels></row><row><InputItemModels><Key>FeesPeriod</Key><Value>3</Value><Type>Dropdown</Type></InputItemModels></row><row><InputItemModels><Key>FeesType</Key><Value>1</Value><Type>Hidden</Type></InputItemModels></row></Array></ResidencyFeesDisplayShlImport></res:ResidencyFeesDisplayShlcall></SOAP-ENV:Body></SOAP-ENV:Envelope>
[2/16/22 13:17:04:421 AST] 0000002d SystemOut                                                    O 

[2/16/22 13:17:05:859 AST] 0000002d SystemOut                                                    O after calling callSoapWebService
[2/16/22 13:17:05:860 AST] 0000002d SystemOut                                                    O  Response SOAP Message:
[2/16/22 13:17:05:861 AST] 0000002d SystemOut                                                    O <soap:Envelope xmlns:soap="http://schemas.xmlsoap.org/soap/envelope/"><soap:Body><soap:Fault><faultcode>soap:Server</faultcode><faultstring>ERROR RE_REMOVE_LEADING_ZEROS@0000000001,0022020221,0 63 [  AE/0] Invoke Action Block  repilot.CAB00058.CAB00058( repilot.CAB00058_IA, repilot.CAB00058_OA)  failed: Exception on method: CAB00058 : java.lang.NoClassDefFoundError: com/ca/gen/abrt/functions/TIRFVRFY</faultstring><detail><ns1:Exception xmlns:ns1="http://tempuri.org/ResidencyFeesDisplayShl/"><message xmlns:ns2="http://tempuri.org/ResidencyFeesDisplayShl/">ERROR RE_REMOVE_LEADING_ZEROS@0000000001,0022020221,0 63 [  AE/0] Invoke Action Block  repilot.CAB00058.CAB00058( repilot.CAB00058_IA, repilot.CAB00058_OA)  failed: Exception on method: CAB00058 : java.lang.NoClassDefFoundError: com/ca/gen/abrt/functions/TIRFVRFY</message></ns1:Exception></detail></soap:Fault></soap:Body></soap:Envelope>
[2/16/22 13:17:18:769 AST] 00000013 com.ibm.ws.kernel.launch.internal.ServerCommandListener      A CWWKE0055I: Server shutdown requested on Wednesday, February 16, 2022 at 1:17 PM. The server defaultServer is shutting down.
[2/16/22 13:17:18:772 AST] 00000060 com.ibm.ws.runtime.update.internal.RuntimeUpdateManagerImpl  A CWWKE1100I: Waiting for up to 30 seconds for the server to quiesce.
[2/16/22 13:17:18:777 AST] 00000031 com.ibm.ws.tcpchannel.internal.TCPChannel                    I CWWKO0220I: TCP Channel defaultHttpEndpoint-ssl has stopped listening for requests on host *  (IPv6) port 9443.
[2/16/22 13:17:18:778 AST] 00000031 com.ibm.ws.tcpchannel.internal.TCPChannel                    I CWWKO0220I: TCP Channel defaultHttpEndpoint has stopped listening for requests on host *  (IPv6) port 9080.
[2/16/22 13:17:18:778 AST] 00000031 com.ibm.ws.http.internal.VirtualHostImpl                     A CWWKT0017I: Web application removed (default_host): http://moi-7hembmla4ur:9080/metrics/
[2/16/22 13:17:18:779 AST] 00000031 com.ibm.ws.http.internal.VirtualHostImpl                     A CWWKT0017I: Web application removed (default_host): http://moi-7hembmla4ur:9080/SahlServices/PayFamilyDependentsFees/
[2/16/22 13:17:18:779 AST] 00000031 com.ibm.ws.http.internal.VirtualHostImpl                     A CWWKT0017I: Web application removed (default_host): http://moi-7hembmla4ur:9080/ibm/api/
[2/16/22 13:17:19:785 AST] 00000060 com.ibm.ws.runtime.update.internal.RuntimeUpdateManagerImpl  I CWWKE1101I: Server quiesce complete.
[2/16/22 13:17:19:838 AST] 0000005a com.ibm.ws.webcontainer.servlet                              I SRVE0253I: [PayFamilyDependentsFees] [/SahlServices/PayFamilyDependentsFees] [com.moi.sahlservices.resources.PayFamilyDependentsFees]: Destroy successful.
[2/16/22 13:17:19:842 AST] 0000005a com.ibm.ws.app.manager.AppMessageHelper                      A CWWKZ0009I: The application PayFamilyDependentsFees has stopped successfully.
[2/16/22 13:17:19:898 AST] 00000060 com.ibm.ws.webcontainer.servlet                              I SRVE0253I: [io.openliberty.microprofile.metrics.internal.public] [/metrics] [PublicMetricsRESTProxyServlet]: Destroy successful.
[2/16/22 13:17:19:978 AST] 00000060 .microprofile.metrics.internal.monitor.MonitorMetricsHandler I CWPMI2004I: All monitoring metrics were unregistered from mpMetrics.
[2/16/22 13:17:20:021 AST] 00000060 com.ibm.ws.security.ready.internal.SecurityReadyServiceImpl  I CWWKS0009I: The security service has stopped.
[2/16/22 13:17:20:034 AST] 00000060 ibm.ws.security.authentication.internal.jaas.JAASServiceImpl I CWWKS1124I: The collective authentication plugin with class name NullCollectiveAuthenticationPlugin has been deactivated. 
[2/16/22 13:17:20:475 AST] 00000001 com.ibm.ws.kernel.launch.internal.FrameworkManager           A CWWKE0036I: The server defaultServer stopped after 3 minutes, 21.834 seconds.
